[00:47:12] [INIT] KubeJS 2001.6.5-build.16; MC 2001 forge
[00:47:12] [INIT] Loaded plugins:
[00:47:12] [INIT] - dev.latvian.mods.kubejs.forge.BuiltinKubeJSForgePlugin
[00:47:12] [INIT] - dev.ftb.mods.ftbxmodcompat.ftbquests.kubejs.KubeJSIntegration
[00:47:12] [INIT] - dev.ftb.mods.ftbxmodcompat.ftbteams.kubejs.FTBTeamsKubeJSPlugin
[00:47:12] [INIT] - dev.ftb.mods.ftbxmodcompat.ftbfiltersystem.kubejs.FFSKubeJSPlugin
[00:47:12] [INIT] - dev.latvian.mods.kubejs.create.KubeJSCreatePlugin
[00:47:12] [INIT] - com.almostreliable.morejs.Plugin
[00:47:12] [INIT] - qinomed.kubejsdelight.KubeJSDelightPlugin
[00:47:12] [INIT] - com.almostreliable.ponderjs.PonderJSPlugin
[00:47:12] [INIT] - fr.lucreeper74.createmetallurgy.compat.kubejs.CreateMetallurgyKJS
[00:47:14] [INFO] Loaded script server_scripts:starterkit.js in 0.003 s
[00:47:14] [INFO] Loaded script server_scripts:silver.js in 0.011 s
[00:47:14] [INFO] Loaded script server_scripts:dirt.js in 0.003 s
[00:47:14] [INFO] Loaded script server_scripts:storage_item_changes.js in 0.002 s
[00:47:14] [INFO] Loaded script server_scripts:toms_storage.js in 0.002 s
[00:47:14] [INFO] Loaded script server_scripts:eyes_of_ender.js in 0.001 s
[00:47:14] [INFO] Loaded script server_scripts:recipes.js in 0.007 s
[00:47:14] [INFO] Loaded script server_scripts:nuke list.js in 0.0 s
[00:47:14] [INFO] Loaded script server_scripts:tags.js in 0.001 s
[00:47:14] [INFO] Loaded 9/9 KubeJS server scripts in 0.05 s with 0 errors and 0 warnings
[00:47:14] [INFO] Scripts loaded
[00:47:14] [INFO] Initializing recipe event...
[00:47:34] [INFO] Processing recipes...
[00:47:34] [WARN] Failed to parse recipe 'createmetalwork:molten_metals/emptying/molten_iron_from_metal_mold[create:emptying]'! Falling back to vanilla: {"fluid":"molten_metals:molten_iron","amount":111} is not a valid fluid!
[00:47:34] [WARN] Failed to parse recipe 'oreganized:waxed_indigo_concrete_powder[minecraft:crafting_shapeless]'! Falling back to vanilla: ItemStack 'result' can't be empty!
[00:47:34] [WARN] Failed to parse recipe 'createmetalwork:create/compat/createmetallurgy/melting/dusts/dirty/molten_lithium_from_melting_dirty_dust_heated[createmetallurgy:melting]'! Falling back to vanilla: {"amount":90,"fluid":"createmetalwork:molten_lithium"} is not a valid fluid!
[00:47:34] [WARN] Failed to parse recipe 'create_cobblemon:sequenced_assembly_cherish_ball[create:sequenced_assembly]'! Falling back to vanilla: Recipe component key 'results' not found! Valid keys: [sequence:dev.latvian.mods.kubejs.recipe.component.NestedRecipeComponent@407387cb[], transitionalItem?:output_item, loops?:int, ingredient:input_item, results:output_item[]]
[00:47:34] [WARN] Failed to parse recipe 'oreganized:teal_crystal_glass[minecraft:crafting_shaped]'! Falling back to vanilla: ItemStack 'result' can't be empty!
[00:47:34] [WARN] Failed to parse recipe 'knavesneeds:betternether/cincinnasite_diamond/twinblade[minecraft:smithing_transform]'! Falling back to vanilla: Ingredient 'template' can't be empty!
[00:47:34] [WARN] Failed to parse recipe 'oreganized:forest_crystal_glass_pane[minecraft:crafting_shaped]'! Falling back to vanilla: ItemStack 'result' can't be empty!
[00:47:34] [WARN] Failed to parse recipe 'oreganized:maroon_crystal_glass[minecraft:crafting_shaped]'! Falling back to vanilla: ItemStack 'result' can't be empty!
[00:47:34] [WARN] Failed to parse recipe 'oreganized:mint_crystal_glass_pane[minecraft:crafting_shaped]'! Falling back to vanilla: ItemStack 'result' can't be empty!
[00:47:34] [WARN] Failed to parse recipe 'createmetalwork:create/compat/createmetallurgy/melting/dusts/molten_desh_from_melting_dust_heated[createmetallurgy:melting]'! Falling back to vanilla: {"amount":90,"fluid":"createmetalwork:molten_desh"} is not a valid fluid!
[00:47:34] [WARN] Failed to parse recipe 'oreganized:waxed_rose_concrete_powder[minecraft:crafting_shapeless]'! Falling back to vanilla: ItemStack 'result' can't be empty!
[00:47:34] [WARN] Failed to parse recipe 'createmetalwork:molten_metals/filling/silver_filled_metal_mold_caverns[create:filling]'! Falling back to vanilla: Invalid empty fluid 'molten_metals:molten_silver'
[00:47:34] [WARN] Failed to parse recipe 'oreganized:amber_crystal_glass[minecraft:crafting_shaped]'! Falling back to vanilla: ItemStack 'result' can't be empty!
[00:47:34] [WARN] Failed to parse recipe 'createmetalwork:molten_metals/emptying/molten_gold_from_metal_mold[create:emptying]'! Falling back to vanilla: {"fluid":"molten_metals:molten_gold","amount":111} is not a valid fluid!
[00:47:34] [WARN] Failed to parse recipe 'oreganized:slate_crystal_glass_pane[minecraft:crafting_shaped]'! Falling back to vanilla: ItemStack 'result' can't be empty!
[00:47:34] [WARN] Failed to parse recipe 'createmetalwork:molten_metals/emptying/molten_silver_from_ceramic_mold_galosphere[create:emptying]'! Falling back to vanilla: {"fluid":"molten_metals:molten_silver","amount":111} is not a valid fluid!
[00:47:34] [WARN] Failed to parse recipe 'knavesneeds:betternether/cincinnasite_diamond/spear[minecraft:smithing_transform]'! Falling back to vanilla: Ingredient 'template' can't be empty!
[00:47:34] [WARN] Failed to parse recipe 'oreganized:indigo_crystal_glass[minecraft:crafting_shaped]'! Falling back to vanilla: ItemStack 'result' can't be empty!
[00:47:34] [WARN] Failed to parse recipe 'oreganized:quark/raw_lead_brick_slab[minecraft:crafting_shaped]'! Falling back to vanilla: ItemStack 'result' can't be empty!
[00:47:34] [WARN] Failed to parse recipe 'createmetalwork:molten_metals/filling/silver_filled_ceramic_mold_caverns[create:filling]'! Falling back to vanilla: Invalid empty fluid 'molten_metals:molten_silver'
[00:47:34] [WARN] Failed to parse recipe 'knavesneeds:betternether/cincinnasite_diamond/longsword[minecraft:smithing_transform]'! Falling back to vanilla: Ingredient 'template' can't be empty!
[00:47:34] [WARN] Failed to parse recipe 'oreganized:quark/glance_pillar_stonecutter[minecraft:stonecutting]'! Falling back to vanilla: ItemStack 'result' can't be empty!
[00:47:34] [WARN] Failed to parse recipe 'knavesneeds:betternether/cincinnasite_diamond/warglaive[minecraft:smithing_transform]'! Falling back to vanilla: Ingredient 'template' can't be empty!
[00:47:34] [WARN] Failed to parse recipe 'knavesneeds:betternether/cincinnasite_diamond/claymore[minecraft:smithing_transform]'! Falling back to vanilla: Ingredient 'template' can't be empty!
[00:47:34] [WARN] Failed to parse recipe 'createmetalwork:molten_metals/emptying/molten_iron_from_ceramic_mold[create:emptying]'! Falling back to vanilla: {"fluid":"molten_metals:molten_iron","amount":111} is not a valid fluid!
[00:47:34] [WARN] Failed to parse recipe 'oreganized:coral_crystal_glass_pane[minecraft:crafting_shaped]'! Falling back to vanilla: ItemStack 'result' can't be empty!
[00:47:34] [WARN] Failed to parse recipe 'createmetalwork:create/compat/createmetallurgy/melting/dusts/molten_ostrum_from_melting_dust_heated[createmetallurgy:melting]'! Falling back to vanilla: {"amount":90,"fluid":"createmetalwork:molten_ostrum"} is not a valid fluid!
[00:47:34] [WARN] Failed to parse recipe 'createmetalwork:molten_metals/emptying/molten_netherite_from_metal_mold[create:emptying]'! Falling back to vanilla: {"fluid":"molten_metals:molten_netherite","amount":111} is not a valid fluid!
[00:47:34] [WARN] Failed to parse recipe 'createmetalwork:molten_metals/emptying/molten_zinc_from_metal_mold[create:emptying]'! Falling back to vanilla: {"fluid":"molten_metals:molten_zinc","amount":111} is not a valid fluid!
[00:47:34] [WARN] Failed to parse recipe 'createmetalwork:molten_metals/emptying/molten_zinc_from_ceramic_mold[create:emptying]'! Falling back to vanilla: {"fluid":"molten_metals:molten_zinc","amount":111} is not a valid fluid!
[00:47:34] [WARN] Failed to parse recipe 'oreganized:quark/glance_vertical_slab_stonecutter[minecraft:stonecutting]'! Falling back to vanilla: ItemStack 'result' can't be empty!
[00:47:34] [WARN] Failed to parse recipe 'oreganized:waxed_slate_concrete_powder[minecraft:crafting_shapeless]'! Falling back to vanilla: ItemStack 'result' can't be empty!
[00:47:34] [WARN] Failed to parse recipe 'archeryexp:bow_craftables/too_many_bows/necro_bow[minecraft:crafting_shaped]'! Falling back to vanilla: ItemStack 'result' can't be empty!
[00:47:34] [WARN] Failed to parse recipe 'createmetalwork:create/compat/createmetallurgy/alloying/molten_mithril_from_alloying_superheated_molten[createmetallurgy:alloying]'! Falling back to vanilla: {"amount":90,"fluid":"createmetalwork:molten_mithril"} is not a valid fluid!
[00:47:34] [WARN] Failed to parse recipe 'createmetalwork:molten_metals/filling/iron_filled_ceramic_mold[create:filling]'! Falling back to vanilla: Invalid empty fluid 'molten_metals:molten_iron'
[00:47:34] [WARN] Failed to parse recipe 'oreganized:ginger_crystal_glass[minecraft:crafting_shaped]'! Falling back to vanilla: ItemStack 'result' can't be empty!
[00:47:34] [WARN] Failed to parse recipe 'createmetalwork:molten_metals/filling/gold_filled_metal_mold[create:filling]'! Falling back to vanilla: Invalid empty fluid 'molten_metals:molten_gold'
[00:47:34] [WARN] Failed to parse recipe 'oreganized:quark/raw_silver_brick_stairs[minecraft:crafting_shaped]'! Falling back to vanilla: ItemStack 'result' can't be empty!
[00:47:34] [WARN] Failed to parse recipe 'knavesneeds:betternether/cincinnasite_diamond/rapier[minecraft:smithing_transform]'! Falling back to vanilla: Ingredient 'template' can't be empty!
[00:47:34] [WARN] Failed to parse recipe 'oreganized:tan_crystal_glass[minecraft:crafting_shaped]'! Falling back to vanilla: ItemStack 'result' can't be empty!
[00:47:34] [WARN] Failed to parse recipe 'createmetalwork:molten_metals/filling/electrum_filled_ceramic_mold[create:filling]'! Falling back to vanilla: Invalid empty fluid 'molten_metals:molten_electrum'
[00:47:34] [WARN] Failed to parse recipe 'oreganized:waxed_navy_concrete_powder[minecraft:crafting_shapeless]'! Falling back to vanilla: ItemStack 'result' can't be empty!
[00:47:34] [WARN] Failed to parse recipe 'createmetalwork:molten_metals/emptying/molten_netherite_from_ceramic_mold[create:emptying]'! Falling back to vanilla: {"fluid":"molten_metals:molten_netherite","amount":111} is not a valid fluid!
[00:47:34] [WARN] Failed to parse recipe 'knavesneeds:betternether/cincinnasite_diamond/sai[minecraft:smithing_transform]'! Falling back to vanilla: Ingredient 'template' can't be empty!
[00:47:34] [WARN] Failed to parse recipe 'createmetalwork:molten_metals/filling/necromium_filled_metal_mold[create:filling]'! Falling back to vanilla: Invalid empty fluid 'molten_metals:molten_necromium'
[00:47:34] [WARN] Failed to parse recipe 'oreganized:quark/raw_silver_brick_slab_stonecutter[minecraft:stonecutting]'! Falling back to vanilla: ItemStack 'result' can't be empty!
[00:47:34] [WARN] Failed to parse recipe 'oreganized:waxed_maroon_concrete_powder[minecraft:crafting_shapeless]'! Falling back to vanilla: ItemStack 'result' can't be empty!
[00:47:34] [WARN] Failed to parse recipe 'oreganized:navy_crystal_glass[minecraft:crafting_shaped]'! Falling back to vanilla: ItemStack 'result' can't be empty!
[00:47:34] [WARN] Failed to parse recipe 'oreganized:waxed_verdant_concrete_powder[minecraft:crafting_shapeless]'! Falling back to vanilla: ItemStack 'result' can't be empty!
[00:47:34] [WARN] Failed to parse recipe 'createmetalwork:molten_metals/filling/silver_filled_ceramic_mold_galosphere[create:filling]'! Falling back to vanilla: Invalid empty fluid 'molten_metals:molten_silver'
[00:47:34] [WARN] Failed to parse recipe 'oreganized:navy_crystal_glass_pane[minecraft:crafting_shaped]'! Falling back to vanilla: ItemStack 'result' can't be empty!
[00:47:34] [WARN] Failed to parse recipe 'oreganized:waxed_amber_concrete_powder[minecraft:crafting_shapeless]'! Falling back to vanilla: ItemStack 'result' can't be empty!
[00:47:34] [WARN] Failed to parse recipe 'oreganized:waxed_teal_concrete_powder[minecraft:crafting_shapeless]'! Falling back to vanilla: ItemStack 'result' can't be empty!
[00:47:34] [WARN] Failed to parse recipe 'knavesneeds:betternether/cincinnasite_diamond/cutlass[minecraft:smithing_transform]'! Falling back to vanilla: Ingredient 'template' can't be empty!
[00:47:34] [WARN] Failed to parse recipe 'createmetalwork:molten_metals/emptying/molten_silver_from_metal_mold_caverns[create:emptying]'! Falling back to vanilla: {"fluid":"molten_metals:molten_silver","amount":111} is not a valid fluid!
[00:47:34] [WARN] Failed to parse recipe 'oreganized:quark/raw_silver_brick_stairs_stonecutter[minecraft:stonecutting]'! Falling back to vanilla: ItemStack 'result' can't be empty!
[00:47:34] [WARN] Failed to parse recipe 'knavesneeds:betternether/cincinnasite_diamond/greathammer[minecraft:smithing_transform]'! Falling back to vanilla: Ingredient 'template' can't be empty!
[00:47:34] [WARN] Failed to parse recipe 'oreganized:forest_crystal_glass[minecraft:crafting_shaped]'! Falling back to vanilla: ItemStack 'result' can't be empty!
[00:47:34] [WARN] Failed to parse recipe 'oreganized:quark/raw_silver_brick_vertical_slab_revert[minecraft:crafting_shapeless]'! Falling back to vanilla: ItemStack 'result' can't be empty!
[00:47:34] [WARN] Failed to parse recipe 'oreganized:quark/glance_brick_vertical_slab_stonecutter[minecraft:stonecutting]'! Falling back to vanilla: ItemStack 'result' can't be empty!
[00:47:34] [WARN] Failed to parse recipe 'oreganized:indigo_crystal_glass_pane[minecraft:crafting_shaped]'! Falling back to vanilla: ItemStack 'result' can't be empty!
[00:47:34] [WARN] Failed to parse recipe 'createmetalwork:molten_metals/emptying/molten_electrum_from_ceramic_mold[create:emptying]'! Falling back to vanilla: {"fluid":"molten_metals:molten_electrum","amount":111} is not a valid fluid!
[00:47:34] [WARN] Failed to parse recipe 'createmetalwork:molten_metals/filling/iron_filled_metal_mold[create:filling]'! Falling back to vanilla: Invalid empty fluid 'molten_metals:molten_iron'
[00:47:34] [WARN] Failed to parse recipe 'createmetalwork:create/compat/createmetallurgy/melting/dusts/molten_cobalt_from_melting_dust_heated[createmetallurgy:melting]'! Falling back to vanilla: {"amount":90,"fluid":"createmetalwork:molten_cobalt"} is not a valid fluid!
[00:47:34] [WARN] Failed to parse recipe 'createmetalwork:molten_metals/filling/copper_filled_ceramic_mold[create:filling]'! Falling back to vanilla: Invalid empty fluid 'molten_metals:molten_copper'
[00:47:34] [WARN] Failed to parse recipe 'createmetalwork:molten_metals/filling/brass_filled_metal_mold[create:filling]'! Falling back to vanilla: Invalid empty fluid 'molten_metals:molten_brass'
[00:47:34] [WARN] Failed to parse recipe 'createmetalwork:molten_metals/emptying/molten_copper_from_metal_mold[create:emptying]'! Falling back to vanilla: {"fluid":"molten_metals:molten_copper","amount":111} is not a valid fluid!
[00:47:34] [WARN] Failed to parse recipe 'createmetalwork:molten_metals/emptying/molten_silver_from_ceramic_mold_caverns[create:emptying]'! Falling back to vanilla: {"fluid":"molten_metals:molten_silver","amount":111} is not a valid fluid!
[00:47:34] [WARN] Failed to parse recipe 'knavesneeds:betternether/cincinnasite_diamond/glaive[minecraft:smithing_transform]'! Falling back to vanilla: Ingredient 'template' can't be empty!
[00:47:34] [WARN] Failed to parse recipe 'createmetalwork:molten_metals/emptying/molten_silver_from_ceramic_mold_oreganized[create:emptying]'! Falling back to vanilla: {"fluid":"molten_metals:molten_silver","amount":111} is not a valid fluid!
[00:47:34] [WARN] Failed to parse recipe 'oreganized:rose_crystal_glass[minecraft:crafting_shaped]'! Falling back to vanilla: ItemStack 'result' can't be empty!
[00:47:34] [WARN] Failed to parse recipe 'oreganized:teal_crystal_glass_pane[minecraft:crafting_shaped]'! Falling back to vanilla: ItemStack 'result' can't be empty!
[00:47:34] [WARN] Failed to parse recipe 'oreganized:waxed_mint_concrete_powder[minecraft:crafting_shapeless]'! Falling back to vanilla: ItemStack 'result' can't be empty!
[00:47:34] [WARN] Failed to parse recipe 'oreganized:quark/raw_silver_brick_vertical_slab_stonecutter[minecraft:stonecutting]'! Falling back to vanilla: ItemStack 'result' can't be empty!
[00:47:34] [WARN] Failed to parse recipe 'createmetalwork:molten_metals/filling/silver_filled_ceramic_mold_oreganized[create:filling]'! Falling back to vanilla: Invalid empty fluid 'molten_metals:molten_silver'
[00:47:34] [WARN] Failed to parse recipe 'archeryexp:bow_craftables/too_many_bows/sage_bow[minecraft:crafting_shaped]'! Falling back to vanilla: ItemStack 'result' can't be empty!
[00:47:34] [WARN] Failed to parse recipe 'archeryexp:bow_craftables/archon/heat_ranger[minecraft:crafting_shaped]'! Falling back to vanilla: ItemStack 'result' can't be empty!
[00:47:34] [WARN] Failed to parse recipe 'oreganized:olive_crystal_glass[minecraft:crafting_shaped]'! Falling back to vanilla: ItemStack 'result' can't be empty!
[00:47:34] [WARN] Failed to parse recipe 'oreganized:quark/raw_lead_brick_slab_stonecutter[minecraft:stonecutting]'! Falling back to vanilla: ItemStack 'result' can't be empty!
[00:47:34] [WARN] Failed to parse recipe 'oreganized:maroon_crystal_glass_pane[minecraft:crafting_shaped]'! Falling back to vanilla: ItemStack 'result' can't be empty!
[00:47:34] [WARN] Failed to parse recipe 'archeryexp:bow_craftables/too_many_bows/shulker_blast[minecraft:crafting_shaped]'! Falling back to vanilla: ItemStack 'result' can't be empty!
[00:47:34] [WARN] Failed to parse recipe 'archeryexp:bow_craftables/too_many_bows/ironclad[minecraft:crafting_shaped]'! Falling back to vanilla: ItemStack 'result' can't be empty!
[00:47:34] [WARN] Failed to parse recipe 'knavesneeds:betternether/cincinnasite_diamond/halberd[minecraft:smithing_transform]'! Falling back to vanilla: Ingredient 'template' can't be empty!
[00:47:34] [WARN] Failed to parse recipe 'createmetalwork:create/compat/createmetallurgy/melting/dusts/molten_lithium_from_melting_dust_heated[createmetallurgy:melting]'! Falling back to vanilla: {"amount":90,"fluid":"createmetalwork:molten_lithium"} is not a valid fluid!
[00:47:34] [WARN] Failed to parse recipe 'archeryexp:bow_craftables/minecolonies/blockhutarchery[minecraft:crafting_shaped]'! Falling back to vanilla: ItemStack 'result' can't be empty!
[00:47:34] [WARN] Failed to parse recipe 'create_cobblemon:lid_feather_dye[minecraft:crafting_shapeless]'! Falling back to vanilla: ItemStack 'result' can't be empty!
[00:47:34] [WARN] Failed to parse recipe 'oreganized:verdant_crystal_glass[minecraft:crafting_shaped]'! Falling back to vanilla: ItemStack 'result' can't be empty!
[00:47:34] [WARN] Failed to parse recipe 'createmetalwork:create/compat/createmetallurgy/melting/dusts/dirty/molten_cobalt_from_melting_dirty_dust_heated[createmetallurgy:melting]'! Falling back to vanilla: {"amount":90,"fluid":"createmetalwork:molten_cobalt"} is not a valid fluid!
[00:47:34] [WARN] Failed to parse recipe 'oreganized:mint_crystal_glass[minecraft:crafting_shaped]'! Falling back to vanilla: ItemStack 'result' can't be empty!
[00:47:34] [WARN] Failed to parse recipe 'knavesneeds:betternether/cincinnasite_diamond/chakram[minecraft:smithing_transform]'! Falling back to vanilla: Ingredient 'template' can't be empty!
[00:47:34] [WARN] Failed to parse recipe 'oreganized:quark/glance_brick_vertical_slab[minecraft:crafting_shaped]'! Falling back to vanilla: ItemStack 'result' can't be empty!
[00:47:34] [WARN] Failed to parse recipe 'abnormals_delight:environmental/cooking/truffle_mash[farmersdelight:cooking]'! Falling back to vanilla: ItemStack 'result' can't be empty!
[00:47:34] [WARN] Failed to parse recipe 'createmetalwork:molten_metals/filling/zinc_filled_metal_mold[create:filling]'! Falling back to vanilla: Invalid empty fluid 'molten_metals:molten_zinc'
[00:47:34] [WARN] Failed to parse recipe 'knavesneeds:betternether/cincinnasite_diamond/scythe[minecraft:smithing_transform]'! Falling back to vanilla: Ingredient 'template' can't be empty!
[00:47:34] [WARN] Failed to parse recipe 'archeryexp:bow_craftables/minecolonies/banner_rally_guards[minecraft:crafting_shaped]'! Falling back to vanilla: ItemStack 'result' can't be empty!
[00:47:34] [WARN] Failed to parse recipe 'oreganized:quark/raw_silver_brick_vertical_slab[minecraft:crafting_shaped]'! Falling back to vanilla: ItemStack 'result' can't be empty!
[00:47:34] [WARN] Failed to parse recipe 'oreganized:waxed_olive_concrete_powder[minecraft:crafting_shapeless]'! Falling back to vanilla: ItemStack 'result' can't be empty!
[00:47:34] [WARN] Failed to parse recipe 'oreganized:quark/raw_lead_brick_vertical_slab_revert[minecraft:crafting_shapeless]'! Falling back to vanilla: ItemStack 'result' can't be empty!
[00:47:34] [WARN] Failed to parse recipe 'oreganized:quark/raw_lead_brick_vertical_slab_stonecutter[minecraft:stonecutting]'! Falling back to vanilla: ItemStack 'result' can't be empty!
[00:47:34] [WARN] Failed to parse recipe 'createmetalwork:molten_metals/emptying/molten_gold_from_ceramic_mold[create:emptying]'! Falling back to vanilla: {"fluid":"molten_metals:molten_gold","amount":111} is not a valid fluid!
[00:47:34] [WARN] Failed to parse recipe 'oreganized:amber_crystal_glass_pane[minecraft:crafting_shaped]'! Falling back to vanilla: ItemStack 'result' can't be empty!
[00:47:34] [WARN] Failed to parse recipe 'archeryexp:bow_craftables/too_many_bows/frostbite[minecraft:crafting_shaped]'! Falling back to vanilla: ItemStack 'result' can't be empty!
[00:47:34] [WARN] Failed to parse recipe 'oreganized:waxed_aqua_concrete_powder[minecraft:crafting_shapeless]'! Falling back to vanilla: ItemStack 'result' can't be empty!
[00:47:34] [WARN] Failed to parse recipe 'createmetalwork:molten_metals/emptying/molten_necromium_from_metal_mold[create:emptying]'! Falling back to vanilla: {"fluid":"molten_metals:molten_necromium","amount":111} is not a valid fluid!
[00:47:34] [WARN] Failed to parse recipe 'createmetalwork:molten_metals/filling/netherite_filled_ceramic_mold[create:filling]'! Falling back to vanilla: Invalid empty fluid 'molten_metals:molten_netherite'
[00:47:34] [WARN] Failed to parse recipe 'oreganized:slate_crystal_glass[minecraft:crafting_shaped]'! Falling back to vanilla: ItemStack 'result' can't be empty!
[00:47:34] [WARN] Failed to parse recipe 'oreganized:quark/glance_vertical_slab[minecraft:crafting_shaped]'! Falling back to vanilla: ItemStack 'result' can't be empty!
[00:47:34] [WARN] Failed to parse recipe 'oreganized:electrum_machete[minecraft:smithing_transform]'! Falling back to vanilla: Ingredient 'base' can't be empty!
[00:47:34] [WARN] Failed to parse recipe 'createmetalwork:molten_metals/emptying/molten_copper_from_ceramic_mold[create:emptying]'! Falling back to vanilla: {"fluid":"molten_metals:molten_copper","amount":111} is not a valid fluid!
[00:47:34] [WARN] Failed to parse recipe 'archeryexp:bow_craftables/minecolonies/blockhutguardtower[minecraft:crafting_shaped]'! Falling back to vanilla: ItemStack 'result' can't be empty!
[00:47:34] [WARN] Failed to parse recipe 'oreganized:olive_crystal_glass_pane[minecraft:crafting_shaped]'! Falling back to vanilla: ItemStack 'result' can't be empty!
[00:47:34] [WARN] Failed to parse recipe 'createmetalwork:molten_metals/emptying/molten_brass_from_metal_mold[create:emptying]'! Falling back to vanilla: {"fluid":"molten_metals:molten_brass","amount":111} is not a valid fluid!
[00:47:34] [WARN] Failed to parse recipe 'legendary_monsters:dinosaur_bone_meal[minecraft:crafting_shaped]'! Falling back to vanilla: ItemStack 'result' can't be empty!
[00:47:34] [WARN] Failed to parse recipe 'oreganized:verdant_crystal_glass_pane[minecraft:crafting_shaped]'! Falling back to vanilla: ItemStack 'result' can't be empty!
[00:47:34] [WARN] Failed to parse recipe 'createmetalwork:create/compat/createmetallurgy/melting/dusts/dirty/molten_desh_from_melting_dirty_dust_heated[createmetallurgy:melting]'! Falling back to vanilla: {"amount":90,"fluid":"createmetalwork:molten_desh"} is not a valid fluid!
[00:47:34] [WARN] Failed to parse recipe 'createmetalwork:molten_metals/filling/electrum_filled_metal_mold[create:filling]'! Falling back to vanilla: Invalid empty fluid 'molten_metals:molten_electrum'
[00:47:34] [WARN] Failed to parse recipe 'createmetalwork:molten_metals/emptying/molten_silver_from_metal_mold_oreganized[create:emptying]'! Falling back to vanilla: {"fluid":"molten_metals:molten_silver","amount":111} is not a valid fluid!
[00:47:34] [WARN] Failed to parse recipe 'knavesneeds:betternether/cincinnasite_diamond/katana[minecraft:smithing_transform]'! Falling back to vanilla: Ingredient 'template' can't be empty!
[00:47:35] [WARN] Failed to parse recipe 'createmetalwork:molten_metals/emptying/molten_electrum_from_metal_mold[create:emptying]'! Falling back to vanilla: {"fluid":"molten_metals:molten_electrum","amount":111} is not a valid fluid!
[00:47:35] [WARN] Failed to parse recipe 'createmetalwork:create/compat/createmetallurgy/melting/dusts/dirty/molten_ostrum_from_melting_dirty_dust_heated[createmetallurgy:melting]'! Falling back to vanilla: {"amount":90,"fluid":"createmetalwork:molten_ostrum"} is not a valid fluid!
[00:47:35] [WARN] Failed to parse recipe 'archeryexp:bow_craftables/too_many_bows/twin_shadows[minecraft:crafting_shaped]'! Falling back to vanilla: ItemStack 'result' can't be empty!
[00:47:35] [WARN] Failed to parse recipe 'oreganized:beige_crystal_glass[minecraft:crafting_shaped]'! Falling back to vanilla: ItemStack 'result' can't be empty!
[00:47:35] [WARN] Failed to parse recipe 'oreganized:quark/glance_pillar[minecraft:crafting_shaped]'! Falling back to vanilla: ItemStack 'result' can't be empty!
[00:47:35] [WARN] Failed to parse recipe 'oreganized:quark/raw_lead_bricks[minecraft:crafting_shaped]'! Falling back to vanilla: ItemStack 'result' can't be empty!
[00:47:35] [WARN] Failed to parse recipe 'createmetalwork:molten_metals/filling/netherite_filled_metal_mold[create:filling]'! Falling back to vanilla: Invalid empty fluid 'molten_metals:molten_netherite'
[00:47:35] [WARN] Failed to parse recipe 'createmetalwork:create/compat/createmetallurgy/melting/dusts/molten_platinum_from_melting_dust_heated[createmetallurgy:melting]'! Falling back to vanilla: {"amount":90,"fluid":"createmetalwork:molten_platinum"} is not a valid fluid!
[00:47:35] [WARN] Failed to parse recipe 'oreganized:coral_crystal_glass[minecraft:crafting_shaped]'! Falling back to vanilla: ItemStack 'result' can't be empty!
[00:47:35] [WARN] Failed to parse recipe 'oreganized:quark/raw_lead_brick_vertical_slab[minecraft:crafting_shaped]'! Falling back to vanilla: ItemStack 'result' can't be empty!
[00:47:35] [WARN] Failed to parse recipe 'oreganized:quark/raw_silver_bricks[minecraft:crafting_shaped]'! Falling back to vanilla: ItemStack 'result' can't be empty!
[00:47:35] [WARN] Failed to parse recipe 'createmetalwork:molten_metals/filling/copper_filled_metal_mold[create:filling]'! Falling back to vanilla: Invalid empty fluid 'molten_metals:molten_copper'
[00:47:35] [WARN] Failed to parse recipe 'createmetalwork:molten_metals/filling/necromium_filled_ceramic_mold[create:filling]'! Falling back to vanilla: Invalid empty fluid 'molten_metals:molten_necromium'
[00:47:35] [WARN] Failed to parse recipe 'oreganized:waxed_ginger_concrete_powder[minecraft:crafting_shapeless]'! Falling back to vanilla: ItemStack 'result' can't be empty!
[00:47:35] [WARN] Failed to parse recipe 'archeryexp:bow_craftables/too_many_bows/sentinel_wrath[minecraft:crafting_shaped]'! Falling back to vanilla: ItemStack 'result' can't be empty!
[00:47:35] [WARN] Failed to parse recipe 'oreganized:quark/raw_silver_brick_slab[minecraft:crafting_shaped]'! Falling back to vanilla: ItemStack 'result' can't be empty!
[00:47:35] [WARN] Failed to parse recipe 'oreganized:ginger_crystal_glass_pane[minecraft:crafting_shaped]'! Falling back to vanilla: ItemStack 'result' can't be empty!
[00:47:35] [WARN] Failed to parse recipe 'oreganized:rose_crystal_glass_pane[minecraft:crafting_shaped]'! Falling back to vanilla: ItemStack 'result' can't be empty!
[00:47:35] [WARN] Failed to parse recipe 'oreganized:aqua_crystal_glass_pane[minecraft:crafting_shaped]'! Falling back to vanilla: ItemStack 'result' can't be empty!
[00:47:35] [WARN] Failed to parse recipe 'createmetalwork:create/compat/createmetallurgy/melting/dusts/dirty/molten_calorite_from_melting_dirty_dust_heated[createmetallurgy:melting]'! Falling back to vanilla: {"amount":90,"fluid":"createmetalwork:molten_calorite"} is not a valid fluid!
[00:47:35] [WARN] Failed to parse recipe 'oreganized:beige_crystal_glass_pane[minecraft:crafting_shaped]'! Falling back to vanilla: ItemStack 'result' can't be empty!
[00:47:35] [WARN] Failed to parse recipe 'createmetalwork:molten_metals/emptying/molten_silver_from_metal_mold_galosphere[create:emptying]'! Falling back to vanilla: {"fluid":"molten_metals:molten_silver","amount":111} is not a valid fluid!
[00:47:35] [WARN] Failed to parse recipe 'createmetalwork:create/compat/createmetallurgy/melting/dusts/molten_calorite_from_melting_dust_heated[createmetallurgy:melting]'! Falling back to vanilla: {"amount":90,"fluid":"createmetalwork:molten_calorite"} is not a valid fluid!
[00:47:35] [WARN] Failed to parse recipe 'archeryexp:bow_craftables/too_many_bows/hunter_bow[minecraft:crafting_shaped]'! Falling back to vanilla: ItemStack 'result' can't be empty!
[00:47:35] [WARN] Failed to parse recipe 'archeryexp:bow_craftables/too_many_bows/ethereal_hunter[minecraft:crafting_shaped]'! Falling back to vanilla: ItemStack 'result' can't be empty!
[00:47:35] [WARN] Failed to parse recipe 'archeryexp:bow_craftables/too_many_bows/radiance[minecraft:crafting_shaped]'! Falling back to vanilla: ItemStack 'result' can't be empty!
[00:47:35] [WARN] Failed to parse recipe 'oreganized:quark/raw_lead_brick_stairs_stonecutter[minecraft:stonecutting]'! Falling back to vanilla: ItemStack 'result' can't be empty!
[00:47:35] [WARN] Failed to parse recipe 'knavesneeds:betternether/cincinnasite_diamond/greataxe[minecraft:smithing_transform]'! Falling back to vanilla: Ingredient 'template' can't be empty!
[00:47:35] [WARN] Failed to parse recipe 'oreganized:waxed_forest_concrete_powder[minecraft:crafting_shapeless]'! Falling back to vanilla: ItemStack 'result' can't be empty!
[00:47:35] [WARN] Failed to parse recipe 'createmetalwork:molten_metals/emptying/molten_brass_from_ceramic_mold[create:emptying]'! Falling back to vanilla: {"fluid":"molten_metals:molten_brass","amount":111} is not a valid fluid!
[00:47:35] [WARN] Failed to parse recipe 'createmetalwork:create/compat/createmetallurgy/alloying/molten_electrum_from_alloying_heated_molten[createmetallurgy:alloying]'! Falling back to vanilla: {"amount":90,"fluid":"createmetalwork:molten_electrum"} is not a valid fluid!
[00:47:35] [WARN] Failed to parse recipe 'archeryexp:bow_craftables/too_many_bows/crimson_nexus[minecraft:crafting_shaped]'! Falling back to vanilla: ItemStack 'result' can't be empty!
[00:47:35] [WARN] Failed to parse recipe 'createmetalwork:molten_metals/filling/brass_filled_ceramic_mold[create:filling]'! Falling back to vanilla: Invalid empty fluid 'molten_metals:molten_brass'
[00:47:35] [WARN] Failed to parse recipe 'oreganized:aqua_crystal_glass[minecraft:crafting_shaped]'! Falling back to vanilla: ItemStack 'result' can't be empty!
[00:47:35] [WARN] Failed to parse recipe 'netherexp:stonecutting/from_pale_soul_slate/indented[minecraft:stonecutting]'! Falling back to vanilla: ItemStack 'result' can't be empty!
[00:47:35] [WARN] Failed to parse recipe 'oreganized:tan_crystal_glass_pane[minecraft:crafting_shaped]'! Falling back to vanilla: ItemStack 'result' can't be empty!
[00:47:35] [WARN] Failed to parse recipe 'archeryexp:bow_craftables/too_many_bows/verdant_vigor[minecraft:crafting_shaped]'! Falling back to vanilla: ItemStack 'result' can't be empty!
[00:47:35] [WARN] Failed to parse recipe 'oreganized:waxed_tan_concrete_powder[minecraft:crafting_shapeless]'! Falling back to vanilla: ItemStack 'result' can't be empty!
[00:47:35] [WARN] Failed to parse recipe 'oreganized:waxed_coral_concrete_powder[minecraft:crafting_shapeless]'! Falling back to vanilla: ItemStack 'result' can't be empty!
[00:47:35] [WARN] Failed to parse recipe 'createmetalwork:molten_metals/filling/silver_filled_metal_mold_galosphere[create:filling]'! Falling back to vanilla: Invalid empty fluid 'molten_metals:molten_silver'
[00:47:35] [WARN] Failed to parse recipe 'createmetalwork:molten_metals/filling/zinc_filled_ceramic_mold[create:filling]'! Falling back to vanilla: Invalid empty fluid 'molten_metals:molten_zinc'
[00:47:35] [WARN] Failed to parse recipe 'knavesneeds:betternether/flaming_ruby/chakram[minecraft:smithing_transform]'! Falling back to vanilla: ItemStack 'result' can't be empty!
[00:47:35] [WARN] Failed to parse recipe 'archeryexp:bow_craftables/too_many_bows/dusk_reaper[minecraft:crafting_shaped]'! Falling back to vanilla: ItemStack 'result' can't be empty!
[00:47:35] [WARN] Failed to parse recipe 'createmetalwork:molten_metals/filling/gold_filled_ceramic_mold[create:filling]'! Falling back to vanilla: Invalid empty fluid 'molten_metals:molten_gold'
[00:47:35] [WARN] Failed to parse recipe 'createmetalwork:molten_metals/filling/silver_filled_metal_mold_oreganized[create:filling]'! Falling back to vanilla: Invalid empty fluid 'molten_metals:molten_silver'
[00:47:35] [WARN] Failed to parse recipe 'oreganized:waxed_beige_concrete_powder[minecraft:crafting_shapeless]'! Falling back to vanilla: ItemStack 'result' can't be empty!
[00:47:35] [WARN] Failed to parse recipe 'createmetalwork:molten_metals/emptying/molten_necromium_from_ceramic_mold[create:emptying]'! Falling back to vanilla: {"fluid":"molten_metals:molten_necromium","amount":111} is not a valid fluid!
[00:47:35] [WARN] Failed to parse recipe 'createmetalwork:create_simple_ore_doubling/mixing/slag[minecraft:crafting_shaped]'! Falling back to vanilla: ItemStack 'result' can't be empty!
[00:47:35] [WARN] Failed to parse recipe 'oreganized:quark/raw_lead_brick_stairs[minecraft:crafting_shaped]'! Falling back to vanilla: ItemStack 'result' can't be empty!
[00:47:35] [INFO] Found 19038 recipes in 1.054 s
[00:47:36] [INFO] Posted recipe events in 1.292 s
[00:47:36] [WARN] Error parsing recipe abnormals_delight:environmental/cutting/plum_door[farmersdelight:cutting]: {"type":"farmersdelight:cutting","ingredients":[{"item":"envrionmental:plum_door"}],"tool":{"type":"farmersdelight:tool_action","action":"axe_dig"},"result":[{"item":"envrionmental:plum_planks"}],"conditions":[{"type":"forge:mod_loaded","modid":"environmental"}]}: Unknown item 'envrionmental:plum_door'
[00:47:36] [WARN] Error parsing recipe abnormals_delight:environmental/cutting/plum_wood[farmersdelight:cutting]: {"type":"farmersdelight:cutting","ingredients":[{"item":"envrionmental:plum_wood"}],"tool":{"type":"farmersdelight:tool_action","action":"axe_strip"},"result":[{"item":"environmental:stripped_cherry_wood"},{"item":"farmersdelight:tree_bark"}],"sound":"minecraft:item.axe.strip","conditions":[{"type":"forge:mod_loaded","modid":"environmental"}]}: Unknown item 'envrionmental:plum_wood'
[00:47:36] [WARN] Error parsing recipe integrations:sequenced_assembly/hidden_id_witherite[create:sequenced_assembly]: {"type":"create:sequenced_assembly","ingredient":{"item":"born_in_chaos_v1:dark_metal_block"},"loops":2,"results":[{"item":"cataclysm:witherite_block"}],"sequence":[{"type":"create:filling","ingredients":[{"item":"born_in_chaos_v1:dark_metal_block"},{"amount":250,"fluid":"createmetallurgy:molten_netherite","nbt":{}}],"results":[{"item":"born_in_chaos_v1:dark_metal_block"}]},{"type":"create:deploying","ingredients":[{"item":"born_in_chaos_v1:dark_metal_block"},{"item":"minecraft:nether_star"}],"results":[{"item":"born_in_chaos_v1:dark_metal_block"}]},{"type":"create:deploying","ingredients":[{"item":"born_in_chaos_v1:dark_metal_block"},{"item":"forbidden_arcanus:mundabitur_dust"}],"results":[{"item":"born_in_chaos_v1:dark_metal_block"}]},{"type":"create:pressing","ingredients":[{"item":"born_in_chaos_v1:dark_metal_block"}],"results":[{"item":"born_in_chaos_v1:dark_metal_block"}]}],"transitionalItem":{"item":"born_in_chaos_v1:dark_metal_block"}}: Unknown item 'forbidden_arcanus:mundabitur_dust'
[00:47:36] [WARN] Error parsing recipe oreganized:quark/glance_brick_vertical_slab_revert[minecraft:crafting_shapeless]: {"type":"minecraft:crafting_shapeless","ingredients":[{"item":"oreganized:glance_brick_vertical_slab"}],"result":{"item":"oreganized:glance_brick_slab","count":1},"conditions":[{"modid":"quark","type":"forge:mod_loaded"},{"type":"quark:flag","flag":"vertical_slabs"}]}: Unknown item 'oreganized:glance_brick_vertical_slab'
[00:47:36] [WARN] Error parsing recipe legendary_monsters:ancient_dripstone_brick_stairs_left[minecraft:crafting_shaped]: {"type":"minecraft:crafting_shaped","pattern":["   ","   ","   "],"key":{},"result":{"item":"legendary_monsters:ancient_dripstone_brick_stairs","count":4}}: Index 0 out of bounds for length 0
[00:47:36] [WARN] Error parsing recipe create:cutting/compat/environmental/cherry_wood[create:cutting]: {"type":"create:cutting","conditions":[{"type":"forge:mod_loaded","modid":"environmental"}],"ingredients":[{"item":"environmental:cherry_wood"}],"processingTime":50,"results":[{"item":"environmental:stripped_cherry_wood"}]}: Unknown item 'environmental:cherry_wood'
[00:47:36] [WARN] Error parsing recipe oreganized:quark/raw_silver_bricks_revert[minecraft:crafting_shapeless]: {"type":"minecraft:crafting_shapeless","ingredients":[{"item":"oreganized:raw_silver_bricks"}],"result":{"item":"oreganized:raw_silver","count":9},"conditions":[{"modid":"quark","type":"forge:mod_loaded"},{"type":"quark:flag","flag":"raw_metal_bricks"}]}: Unknown item 'oreganized:raw_silver_bricks'
[00:47:36] [WARN] Error parsing recipe integrations:mixing/hidden_id_ancient_metal[create:mixing]: {"type":"create:mixing","heatRequirement":"superheated","ingredients":[{"item":"forbidden_arcanus:deorum_ingot"},{"item":"oreganized:electrum_nugget"},{"item":"alexscaves:pewen_sap"},{"fluid":"create_enchantment_industry:hyper_experience","amount":25}],"results":[{"item":"cataclysm:ancient_metal_ingot"}]}: Unknown item 'forbidden_arcanus:deorum_ingot'
[00:47:36] [WARN] Error parsing recipe createmetalwork:molten_metals/filling/lead_filled_ceramic_mold[create:filling]: {"conditions":[{"modid":"oreganized","type":"forge:mod_loaded"}],"type":"create:filling","ingredients":[{"item":"molten_metals:ceramic_ingot_mold"},{"fluid":"oreganized:molten_lead","amount":111}],"results":[{"item":"molten_metals:molten_lead_ceramic_ingot_mold"}]}: Unknown item 'molten_metals:ceramic_ingot_mold'
[00:47:36] [WARN] Error parsing recipe integrations:mixing/hidden_id_ignitium[create:mixing]: {"type":"create:mixing","heatRequirement":"superheated","ingredients":[{"item":"cataclysm:ignitium_ingot"},{"item":"minecraft:blaze_powder"},{"item":"iceandfire:fire_dragon_blood"},{"fluid":"createmetallurgy:molten_netherite","amount":90}],"results":[{"item":"cataclysm:ignitium_ingot","count":2}]}: Unknown item 'iceandfire:fire_dragon_blood'
[00:47:36] [WARN] Error parsing recipe oreganized:quark/raw_lead_bricks_revert[minecraft:crafting_shapeless]: {"type":"minecraft:crafting_shapeless","ingredients":[{"item":"oreganized:raw_lead_bricks"}],"result":{"item":"oreganized:raw_lead","count":9},"conditions":[{"modid":"quark","type":"forge:mod_loaded"},{"type":"quark:flag","flag":"raw_metal_bricks"}]}: Unknown item 'oreganized:raw_lead_bricks'
[00:47:36] [WARN] Error parsing recipe integrations:mixing/hidden_id_torrent_totem[create:mixing]: {"type":"create:mixing","ingredients":[{"item":"ars_nouveau:starbuncle_shards"},{"item":"alexscaves:sea_glass_shards"},{"item":"minecraft:heart_of_the_sea"},{"fluid":"create_enchantment_industry:hyper_experience","amount":25}],"results":[{"item":"betterarcheology:torrent_totem"}]}: Unknown item 'ars_nouveau:starbuncle_shards'
[00:47:36] [WARN] Error parsing recipe abnormals_delight:environmental/cutting/plum_trapdoor[farmersdelight:cutting]: {"type":"farmersdelight:cutting","ingredients":[{"item":"envrionmental:plum_trapdoor"}],"tool":{"type":"farmersdelight:tool_action","action":"axe_dig"},"result":[{"item":"envrionmental:plum_planks"}],"conditions":[{"type":"forge:mod_loaded","modid":"environmental"}]}: Unknown item 'envrionmental:plum_trapdoor'
[00:47:36] [WARN] Error parsing recipe oreganized:quark/glance_vertical_slab_revert[minecraft:crafting_shapeless]: {"type":"minecraft:crafting_shapeless","ingredients":[{"item":"oreganized:glance_vertical_slab"}],"result":{"item":"oreganized:glance_slab","count":1},"conditions":[{"modid":"quark","type":"forge:mod_loaded"},{"type":"quark:flag","flag":"vertical_slabs"}]}: Unknown item 'oreganized:glance_vertical_slab'
[00:47:36] [WARN] Error parsing recipe create:cutting/compat/environmental/stripped_cherry_log[create:cutting]: {"type":"create:cutting","conditions":[{"type":"forge:mod_loaded","modid":"environmental"}],"ingredients":[{"item":"environmental:stripped_cherry_log"}],"processingTime":50,"results":[{"count":6,"item":"environmental:cherry_planks"}]}: Unknown item 'environmental:stripped_cherry_log'
[00:47:36] [WARN] Error parsing recipe createmetalwork:molten_metals/filling/lead_filled_metal_mold[create:filling]: {"conditions":[{"modid":"oreganized","type":"forge:mod_loaded"}],"type":"create:filling","ingredients":[{"item":"molten_metals:ingot_mold"},{"fluid":"oreganized:molten_lead","amount":111}],"results":[{"item":"molten_metals:molten_lead_ingot_mold"}]}: Unknown item 'molten_metals:ingot_mold'
[00:47:36] [WARN] Error parsing recipe create:cutting/compat/environmental/stripped_cherry_wood[create:cutting]: {"type":"create:cutting","conditions":[{"type":"forge:mod_loaded","modid":"environmental"}],"ingredients":[{"item":"environmental:stripped_cherry_wood"}],"processingTime":50,"results":[{"count":6,"item":"environmental:cherry_planks"}]}: Unknown item 'environmental:stripped_cherry_wood'
[00:47:36] [WARN] Error parsing recipe abnormals_delight:environmental/cutting/plum_hanging_sign[farmersdelight:cutting]: {"type":"farmersdelight:cutting","ingredients":[{"item":"envrionmental:plum_hanging_sign"}],"tool":{"type":"farmersdelight:tool_action","action":"axe_dig"},"result":[{"item":"envrionmental:plum_planks"}],"conditions":[{"type":"forge:mod_loaded","modid":"environmental"}]}: Unknown item 'envrionmental:plum_hanging_sign'
[00:47:36] [WARN] Error parsing recipe abnormals_delight:environmental/cutting/plum_log[farmersdelight:cutting]: {"type":"farmersdelight:cutting","ingredients":[{"item":"envrionmental:plum_log"}],"tool":{"type":"farmersdelight:tool_action","action":"axe_dig"},"result":[{"item":"environmental:stripped_cherry_log"},{"item":"farmersdelight:tree_bark"}],"sound":"minecraft:item.axe.strip","conditions":[{"type":"forge:mod_loaded","modid":"environmental"}]}: Unknown item 'envrionmental:plum_log'
[00:47:36] [WARN] Error parsing recipe alexsdelight:barbecue_on_a_stick[minecraft:crafting_shapeless]: {"group":"barbecue_stick","type":"minecraft:crafting_shapeless","ingredients":[{"item":"farmersdelight:tomato"},{"item":"farmersdelight:onion"},{"item":"amfd:singular_cooked_moose_rib"},{"item":"minecraft:cooked_chicken"},{"item":"minecraft:stick"},{"item":"minecraft:stick"}],"result":{"item":"farmersdelight:barbecue_stick","count":2}}: Unknown item 'amfd:singular_cooked_moose_rib'
[00:47:36] [WARN] Error parsing recipe create:cutting/compat/environmental/cherry_log[create:cutting]: {"type":"create:cutting","conditions":[{"type":"forge:mod_loaded","modid":"environmental"}],"ingredients":[{"item":"environmental:cherry_log"}],"processingTime":50,"results":[{"item":"environmental:stripped_cherry_log"}]}: Unknown item 'environmental:cherry_log'
[00:47:36] [WARN] Error parsing recipe createmetalwork:molten_metals/emptying/molten_lead_from_metal_mold[create:emptying]: {"conditions":[{"modid":"oreganized","type":"forge:mod_loaded"}],"type":"create:emptying","ingredients":[{"item":"molten_metals:molten_lead_ingot_mold"}],"results":[{"item":"molten_metals:ingot_mold"},{"fluid":"oreganized:molten_lead","amount":111}]}: Unknown item 'molten_metals:molten_lead_ingot_mold'
[00:47:36] [WARN] Error parsing recipe nethersdelight:cutting/hoglin_sausage_alt[farmersdelight:cutting]: {"type":"farmersdelight:cutting","ingredients":[{"item":"nethersdelight:hoglin_loin"}],"result":[{"count":2,"item":"mynethersdelight:hoglin_sausage"}],"tool":{"tag":"forge:tools/knives"}}: Unknown item 'nethersdelight:hoglin_loin'
[00:47:36] [WARN] Error parsing recipe integrations:sequenced_assembly/hidden_id_arcane_crystal[create:sequenced_assembly]: {"type":"create:sequenced_assembly","ingredient":{"item":"minecraft:prismarine_crystals"},"loops":2,"results":[{"item":"forbidden_arcanus:arcane_crystal"}],"sequence":[{"type":"create:filling","ingredients":[{"item":"minecraft:prismarine_crystals"},{"amount":25,"fluid":"create_enchantment_industry:hyper_experience","nbt":{}}],"results":[{"item":"minecraft:prismarine_crystals"}]},{"type":"create:deploying","ingredients":[{"item":"minecraft:prismarine_crystals"},{"item":"iceandfire:pixie_dust"}],"results":[{"item":"create:incomplete_precision_mechanism"}]},{"type":"create:pressing","ingredients":[{"item":"minecraft:prismarine_crystals"}],"results":[{"item":"minecraft:prismarine_crystals"}]}],"transitionalItem":{"item":"minecraft:prismarine_crystals"}}: Unknown item 'iceandfire:pixie_dust'
[00:47:37] [WARN] Error parsing recipe createmetalwork:molten_metals/emptying/molten_lead_from_ceramic_mold[create:emptying]: {"conditions":[{"modid":"oreganized","type":"forge:mod_loaded"}],"type":"create:emptying","ingredients":[{"item":"molten_metals:molten_lead_ceramic_ingot_mold"}],"results":[{"item":"molten_metals:ceramic_ingot_mold"},{"fluid":"oreganized:molten_lead","amount":111}]}: Unknown item 'molten_metals:molten_lead_ceramic_ingot_mold'
[00:47:37] [WARN] Error parsing recipe integrations:mixing/hidden_id_totem[create:mixing]: {"type":"create:mixing","ingredients":[{"item":"ars_nouveau:starbuncle_shards"},{"item":"alexscaves:radon_bottle"},{"fluid":"create_enchantment_industry:hyper_experience","amount":25}],"results":[{"item":"minecraft:totem_of_undying"}]}: Unknown item 'ars_nouveau:starbuncle_shards'
[00:47:37] [WARN] Error parsing recipe abnormals_delight:environmental/cutting/plum_sign[farmersdelight:cutting]: {"type":"farmersdelight:cutting","ingredients":[{"item":"envrionmental:plum_sign"}],"tool":{"type":"farmersdelight:tool_action","action":"axe_dig"},"result":[{"item":"envrionmental:plum_planks"}],"conditions":[{"type":"forge:mod_loaded","modid":"environmental"}]}: Unknown item 'envrionmental:plum_sign'
[00:47:37] [WARN] Error parsing recipe integrations:mixing/hidden_id_abyssal_spellweave[create:mixing]: {"type":"create:mixing","heatRequirement":"superheated","ingredients":[{"item":"traveloptics:abyssal_spellweave_ingot"},{"item":"forbidden_arcanus:dark_matter"},{"item":"eidolon:wicked_weave"},{"fluid":"oreganized:molten_lead","amount":144}],"results":[{"item":"traveloptics:abyssal_spellweave_ingot","count":2}]}: Unknown item 'traveloptics:abyssal_spellweave_ingot'
[00:47:37] [WARN] Error parsing recipe farmersrespite:chilidog_alt[minecraft:crafting_shapeless]: {"type":"minecraft:crafting_shapeless","ingredients":[{"item":"farmersrespite:blazing_chili"},{"item":"mynethersdelight:hotdog"},{"item":"mynethersdelight:hotdog"}],"result":{"count":2,"item":"mynethersdelight:chilidog"}}: Unknown item 'farmersrespite:blazing_chili'
[00:47:37] [WARN] Error parsing recipe integrations:mixing/hidden_id_cursium[create:mixing]: {"type":"create:mixing","heatRequirement":"superheated","ingredients":[{"item":"cataclysm:cursium_ingot"},{"item":"forbidden_arcanus:corrupt_soul"},{"item":"netherexp:wraithing_flesh"},{"fluid":"createmetallurgy:molten_void_steel","amount":90}],"results":[{"item":"cataclysm:cursium_ingot","count":2}]}: Unknown item 'forbidden_arcanus:corrupt_soul'
[00:47:37] [WARN] Error parsing recipe create:kjs/aa8ehe0wysyp0sj5y2m62rtor[create:sequenced_assembly]: {"type":"create:sequenced_assembly","results":[{"item":"toms_storage:ts.adv_wireless_terminal","count":1,"chance":100.0}],"ingredient":{"item":"toms_storage:ts.wireless_terminal"},"sequence":[{"type":"create:deploying","results":[{"item":"toms_storage:ts.wireless_terminal","count":1}],"ingredients":[{"item":"toms_storage:ts.wireless_terminal"},{"item":"create:sturdy_sheet"}]},{"type":"create:filling","results":[{"item":"toms_storage:ts.wireless_terminal","count":1}],"ingredients":[{"item":"toms_storage:ts.wireless_terminal"},{"fluid":"minecraft:empty","nbt":{},"amount":0}]},{"type":"create:pressing","results":[{"item":"toms_storage:ts.wireless_terminal","count":1}],"ingredients":[{"item":"toms_storage:ts.wireless_terminal"}]}],"transitionalItem":{"item":"create:unprocessed_obsidian_sheet","count":1},"loops":2}: Invalid empty fluid 'minecraft:empty'
[00:47:37] [INFO] Added 45 recipes, removed 126 recipes, modified 24 recipes, with 31 failed recipes in 631.5 ms
[00:50:19] [INFO] Server resource reload complete!
